  [1m[35m (0.1ms)[0m  [1m[34mSELECT sqlite_version(*)[0m
  [1m[35m (2.5ms)[0m  [1m[35mCREATE TABLE "schema_migrations" ("version" varchar NOT NULL PRIMARY KEY)[0m
  [1m[35m (1.4ms)[0m  [1m[35mCREATE TABLE "ar_internal_metadata" ("key" varchar NOT NULL PRIMARY KEY, "value" varchar, "created_at" datetime NOT NULL, "updated_at" datetime NOT NULL)[0m
  [1m[35m (0.2ms)[0m  [1m[34mSELECT "schema_migrations"."version" FROM "schema_migrations" ORDER BY "schema_migrations"."version" ASC[0m
Migrating to CreateTasks (20171129162202)
  [1m[35m (0.1ms)[0m  [1m[36mbegin transaction[0m
  [1m[35m (0.7ms)[0m  [1m[35mCREATE TABLE "tasks" ("id" INTEGER PRIMARY KEY AUTOINCREMENT NOT NULL, "name" varchar, "description" text, "date" varchar, "list_id" integer, "created_at" datetime NOT NULL, "updated_at" datetime NOT NULL, CONSTRAINT "fk_rails_02b8df67b5"
FOREIGN KEY ("list_id")
  REFERENCES "lists" ("id")
)[0m
  [1m[35m (0.2ms)[0m  [1m[35mCREATE  INDEX "index_tasks_on_list_id" ON "tasks" ("list_id")[0m
  [1m[35mSQL (0.2ms)[0m  [1m[32mINSERT INTO "schema_migrations" ("version") VALUES (?)[0m  [["version", "20171129162202"]]
  [1m[35m (1.2ms)[0m  [1m[36mcommit transaction[0m
Migrating to CreateLists (20171129162328)
  [1m[35m (0.1ms)[0m  [1m[36mbegin transaction[0m
  [1m[35m (0.5ms)[0m  [1m[35mCREATE TABLE "lists" ("id" INTEGER PRIMARY KEY AUTOINCREMENT NOT NULL, "name" varchar, "created_at" datetime NOT NULL, "updated_at" datetime NOT NULL)[0m
  [1m[35mSQL (0.2ms)[0m  [1m[32mINSERT INTO "schema_migrations" ("version") VALUES (?)[0m  [["version", "20171129162328"]]
  [1m[35m (1.0ms)[0m  [1m[36mcommit transaction[0m
  [1m[36mActiveRecord::InternalMetadata Load (0.2ms)[0m  [1m[34mSELECT  "ar_internal_metadata".* FROM "ar_internal_metadata" WHERE "ar_internal_metadata"."key" = ? LIMIT ?[0m  [["key", "environment"], ["LIMIT", 1]]
  [1m[35m (0.1ms)[0m  [1m[36mbegin transaction[0m
  [1m[35mSQL (0.3ms)[0m  [1m[32mINSERT INTO "ar_internal_metadata" ("key", "value", "created_at", "updated_at") VALUES (?, ?, ?, ?)[0m  [["key", "environment"], ["value", "development"], ["created_at", "2017-11-29 16:23:53.132804"], ["updated_at", "2017-11-29 16:23:53.132804"]]
  [1m[35m (1.0ms)[0m  [1m[36mcommit transaction[0m
  [1m[35m (0.1ms)[0m  [1m[34mSELECT "schema_migrations"."version" FROM "schema_migrations" ORDER BY "schema_migrations"."version" ASC[0m
  [1m[35m (0.1ms)[0m  [1m[34m            SELECT sql
            FROM sqlite_master
            WHERE name='index_tasks_on_list_id' AND type='index'
            UNION ALL
            SELECT sql
            FROM sqlite_temp_master
            WHERE name='index_tasks_on_list_id' AND type='index'
[0m
  [1m[35m (0.6ms)[0m  [1m[34mSELECT "schema_migrations"."version" FROM "schema_migrations" ORDER BY "schema_migrations"."version" ASC[0m
  [1m[35m (0.1ms)[0m  [1m[36mbegin transaction[0m
  [1m[35mSQL (1.9ms)[0m  [1m[32mINSERT INTO "lists" ("name", "created_at", "updated_at") VALUES (?, ?, ?)[0m  [["name", "building api"], ["created_at", "2017-11-29 16:29:40.023454"], ["updated_at", "2017-11-29 16:29:40.023454"]]
  [1m[35m (1.0ms)[0m  [1m[36mcommit transaction[0m
  [1m[35m (0.1ms)[0m  [1m[36mbegin transaction[0m
  [1m[35mSQL (1.4ms)[0m  [1m[32mINSERT INTO "tasks" ("name", "list_id", "created_at", "updated_at") VALUES (?, ?, ?, ?)[0m  [["name", "api writing"], ["list_id", 1], ["created_at", "2017-11-29 16:29:40.053522"], ["updated_at", "2017-11-29 16:29:40.053522"]]
  [1m[35m (1.0ms)[0m  [1m[36mcommit transaction[0m
  [1m[35m (0.1ms)[0m  [1m[36mbegin transaction[0m
  [1m[35mSQL (0.5ms)[0m  [1m[32mINSERT INTO "tasks" ("name", "list_id", "created_at", "updated_at") VALUES (?, ?, ?, ?)[0m  [["name", "groceries"], ["list_id", 1], ["created_at", "2017-11-29 16:29:40.058916"], ["updated_at", "2017-11-29 16:29:40.058916"]]
  [1m[35m (1.0ms)[0m  [1m[36mcommit transaction[0m
  [1m[36mList Load (9.8ms)[0m  [1m[34mSELECT  "lists".* FROM "lists" LIMIT ?[0m  [["LIMIT", 11]]
  [1m[36mTask Load (0.4ms)[0m  [1m[34mSELECT  "tasks".* FROM "tasks" LIMIT ?[0m  [["LIMIT", 11]]
  [1m[36mTask Load (0.4ms)[0m  [1m[34mSELECT  "tasks".* FROM "tasks" ORDER BY "tasks"."id" ASC LIMIT ?[0m  [["LIMIT", 1]]
  [1m[36mTask Load (0.5ms)[0m  [1m[34mSELECT  "tasks".* FROM "tasks" ORDER BY "tasks"."id" ASC LIMIT ? OFFSET ?[0m  [["LIMIT", 1], ["OFFSET", 1]]
  [1m[36mList Load (0.4ms)[0m  [1m[34mSELECT  "lists".* FROM "lists" ORDER BY "lists"."id" ASC LIMIT ?[0m  [["LIMIT", 1]]
  [1m[36mTask Load (0.2ms)[0m  [1m[34mSELECT  "tasks".* FROM "tasks" WHERE "tasks"."list_id" = ? LIMIT ?[0m  [["list_id", 1], ["LIMIT", 11]]
Started GET "/" for 127.0.0.1 at 2017-11-29 11:40:16 -0500
  [1m[35m (0.7ms)[0m  [1m[34mSELECT "schema_migrations"."version" FROM "schema_migrations" ORDER BY "schema_migrations"."version" ASC[0m
Processing by Rails::WelcomeController#index as HTML
  Rendering /Users/Mimi/.rvm/gems/ruby-2.3.3/gems/railties-5.1.4/lib/rails/templates/rails/welcome/index.html.erb
  Rendered /Users/Mimi/.rvm/gems/ruby-2.3.3/gems/railties-5.1.4/lib/rails/templates/rails/welcome/index.html.erb (12.5ms)
Completed 200 OK in 22ms (Views: 18.6ms | ActiveRecord: 0.0ms)


Started GET "/favicon.ico" for 127.0.0.1 at 2017-11-29 11:40:17 -0500
  
ActionController::RoutingError (No route matches [GET] "/favicon.ico"):
  
actionpack (5.1.4) lib/action_dispatch/middleware/debug_exceptions.rb:63:in `call'
actionpack (5.1.4) lib/action_dispatch/middleware/show_exceptions.rb:31:in `call'
railties (5.1.4) lib/rails/rack/logger.rb:36:in `call_app'
railties (5.1.4) lib/rails/rack/logger.rb:24:in `block in call'
activesupport (5.1.4) lib/active_support/tagged_logging.rb:69:in `block in tagged'
activesupport (5.1.4) lib/active_support/tagged_logging.rb:26:in `tagged'
activesupport (5.1.4) lib/active_support/tagged_logging.rb:69:in `tagged'
railties (5.1.4) lib/rails/rack/logger.rb:24:in `call'
actionpack (5.1.4) lib/action_dispatch/middleware/remote_ip.rb:79:in `call'
actionpack (5.1.4) lib/action_dispatch/middleware/request_id.rb:25:in `call'
rack (2.0.3) lib/rack/runtime.rb:22:in `call'
activesupport (5.1.4) lib/active_support/cache/strategy/local_cache_middleware.rb:27:in `call'
actionpack (5.1.4) lib/action_dispatch/middleware/executor.rb:12:in `call'
actionpack (5.1.4) lib/action_dispatch/middleware/static.rb:125:in `call'
rack (2.0.3) lib/rack/sendfile.rb:111:in `call'
railties (5.1.4) lib/rails/engine.rb:522:in `call'
puma (3.11.0) lib/puma/configuration.rb:225:in `call'
puma (3.11.0) lib/puma/server.rb:624:in `handle_request'
puma (3.11.0) lib/puma/server.rb:438:in `process_client'
puma (3.11.0) lib/puma/server.rb:302:in `block in run'
puma (3.11.0) lib/puma/thread_pool.rb:120:in `block in spawn_thread'
Started GET "/index" for 127.0.0.1 at 2017-11-29 11:40:27 -0500
  
ActionController::RoutingError (No route matches [GET] "/index"):
  
actionpack (5.1.4) lib/action_dispatch/middleware/debug_exceptions.rb:63:in `call'
actionpack (5.1.4) lib/action_dispatch/middleware/show_exceptions.rb:31:in `call'
railties (5.1.4) lib/rails/rack/logger.rb:36:in `call_app'
railties (5.1.4) lib/rails/rack/logger.rb:24:in `block in call'
activesupport (5.1.4) lib/active_support/tagged_logging.rb:69:in `block in tagged'
activesupport (5.1.4) lib/active_support/tagged_logging.rb:26:in `tagged'
activesupport (5.1.4) lib/active_support/tagged_logging.rb:69:in `tagged'
railties (5.1.4) lib/rails/rack/logger.rb:24:in `call'
actionpack (5.1.4) lib/action_dispatch/middleware/remote_ip.rb:79:in `call'
actionpack (5.1.4) lib/action_dispatch/middleware/request_id.rb:25:in `call'
rack (2.0.3) lib/rack/runtime.rb:22:in `call'
activesupport (5.1.4) lib/active_support/cache/strategy/local_cache_middleware.rb:27:in `call'
actionpack (5.1.4) lib/action_dispatch/middleware/executor.rb:12:in `call'
actionpack (5.1.4) lib/action_dispatch/middleware/static.rb:125:in `call'
rack (2.0.3) lib/rack/sendfile.rb:111:in `call'
railties (5.1.4) lib/rails/engine.rb:522:in `call'
puma (3.11.0) lib/puma/configuration.rb:225:in `call'
puma (3.11.0) lib/puma/server.rb:624:in `handle_request'
puma (3.11.0) lib/puma/server.rb:438:in `process_client'
puma (3.11.0) lib/puma/server.rb:302:in `block in run'
puma (3.11.0) lib/puma/thread_pool.rb:120:in `block in spawn_thread'
Started GET "/list" for 127.0.0.1 at 2017-11-29 11:40:33 -0500
  
ActionController::RoutingError (No route matches [GET] "/list"):
  
actionpack (5.1.4) lib/action_dispatch/middleware/debug_exceptions.rb:63:in `call'
actionpack (5.1.4) lib/action_dispatch/middleware/show_exceptions.rb:31:in `call'
railties (5.1.4) lib/rails/rack/logger.rb:36:in `call_app'
railties (5.1.4) lib/rails/rack/logger.rb:24:in `block in call'
activesupport (5.1.4) lib/active_support/tagged_logging.rb:69:in `block in tagged'
activesupport (5.1.4) lib/active_support/tagged_logging.rb:26:in `tagged'
activesupport (5.1.4) lib/active_support/tagged_logging.rb:69:in `tagged'
railties (5.1.4) lib/rails/rack/logger.rb:24:in `call'
actionpack (5.1.4) lib/action_dispatch/middleware/remote_ip.rb:79:in `call'
actionpack (5.1.4) lib/action_dispatch/middleware/request_id.rb:25:in `call'
rack (2.0.3) lib/rack/runtime.rb:22:in `call'
activesupport (5.1.4) lib/active_support/cache/strategy/local_cache_middleware.rb:27:in `call'
actionpack (5.1.4) lib/action_dispatch/middleware/executor.rb:12:in `call'
actionpack (5.1.4) lib/action_dispatch/middleware/static.rb:125:in `call'
rack (2.0.3) lib/rack/sendfile.rb:111:in `call'
railties (5.1.4) lib/rails/engine.rb:522:in `call'
puma (3.11.0) lib/puma/configuration.rb:225:in `call'
puma (3.11.0) lib/puma/server.rb:624:in `handle_request'
puma (3.11.0) lib/puma/server.rb:438:in `process_client'
puma (3.11.0) lib/puma/server.rb:302:in `block in run'
puma (3.11.0) lib/puma/thread_pool.rb:120:in `block in spawn_thread'
Started GET "/" for 127.0.0.1 at 2017-11-29 11:40:45 -0500
Processing by Rails::WelcomeController#index as HTML
  Rendering /Users/Mimi/.rvm/gems/ruby-2.3.3/gems/railties-5.1.4/lib/rails/templates/rails/welcome/index.html.erb
  Rendered /Users/Mimi/.rvm/gems/ruby-2.3.3/gems/railties-5.1.4/lib/rails/templates/rails/welcome/index.html.erb (3.8ms)
Completed 200 OK in 10ms (Views: 6.2ms | ActiveRecord: 0.0ms)


Started GET "/lists" for 127.0.0.1 at 2017-11-29 11:40:52 -0500
Processing by ListsController#index as HTML
Completed 204 No Content in 1ms (ActiveRecord: 0.0ms)


Started GET "/lists" for 127.0.0.1 at 2017-11-29 11:41:26 -0500
Processing by ListsController#index as HTML
  [1m[36mList Load (0.7ms)[0m  [1m[34mSELECT "lists".* FROM "lists"[0m
Completed 200 OK in 26ms (Views: 14.9ms | ActiveRecord: 2.0ms)


Started GET "/tasks" for 127.0.0.1 at 2017-11-29 11:45:13 -0500
Processing by TasksController#index as HTML
  [1m[36mTask Load (0.6ms)[0m  [1m[34mSELECT "tasks".* FROM "tasks"[0m
Completed 200 OK in 30ms (Views: 15.6ms | ActiveRecord: 1.9ms)


Started GET "/tasks/1" for 127.0.0.1 at 2017-11-29 11:45:23 -0500
Processing by TasksController#show as HTML
  Parameters: {"id"=>"1"}
  [1m[36mTask Load (0.4ms)[0m  [1m[34mSELECT  "tasks".* FROM "tasks" WHERE "tasks"."id" = ? LIMIT ?[0m  [["id", 1], ["LIMIT", 1]]
Completed 500 Internal Server Error in 129ms (ActiveRecord: 0.4ms)


  
NameError (undefined local variable or method `task' for #<TasksController:0x007ffa09e4b6b8>):
  
app/controllers/tasks_controller.rb:10:in `show'
Started GET "/tasks/1" for 127.0.0.1 at 2017-11-29 11:47:46 -0500
Processing by TasksController#show as HTML
  Parameters: {"id"=>"1"}
  [1m[36mTask Load (0.8ms)[0m  [1m[34mSELECT  "tasks".* FROM "tasks" WHERE "tasks"."id" = ? LIMIT ?[0m  [["id", 1], ["LIMIT", 1]]
Completed 500 Internal Server Error in 141ms (ActiveRecord: 2.1ms)


  
NameError (undefined local variable or method `task' for #<TasksController:0x007ffa09fb9298>):
  
app/controllers/tasks_controller.rb:10:in `show'
Started GET "/tasks/1" for 127.0.0.1 at 2017-11-29 11:48:40 -0500
Processing by TasksController#show as HTML
  Parameters: {"id"=>"1"}
  [1m[36mTask Load (0.6ms)[0m  [1m[34mSELECT  "tasks".* FROM "tasks" WHERE "tasks"."id" = ? LIMIT ?[0m  [["id", 1], ["LIMIT", 1]]
  [1m[36mCACHE Task Load (0.0ms)[0m  [1m[34mSELECT  "tasks".* FROM "tasks" WHERE "tasks"."id" = ? LIMIT ?[0m  [["id", 1], ["LIMIT", 1]]
Completed 200 OK in 24ms (Views: 1.1ms | ActiveRecord: 1.9ms)


Started GET "/tasks/1" for 127.0.0.1 at 2017-11-29 11:54:43 -0500
Processing by TasksController#show as HTML
  Parameters: {"id"=>"1"}
  [1m[36mTask Load (0.6ms)[0m  [1m[34mSELECT  "tasks".* FROM "tasks" WHERE "tasks"."id" = ? LIMIT ?[0m  [["id", 1], ["LIMIT", 1]]
Completed 200 OK in 29ms (Views: 1.1ms | ActiveRecord: 1.7ms)


Started GET "/list/1" for 127.0.0.1 at 2017-11-29 11:55:00 -0500
  
ActionController::RoutingError (No route matches [GET] "/list/1"):
  
actionpack (5.1.4) lib/action_dispatch/middleware/debug_exceptions.rb:63:in `call'
actionpack (5.1.4) lib/action_dispatch/middleware/show_exceptions.rb:31:in `call'
railties (5.1.4) lib/rails/rack/logger.rb:36:in `call_app'
railties (5.1.4) lib/rails/rack/logger.rb:24:in `block in call'
activesupport (5.1.4) lib/active_support/tagged_logging.rb:69:in `block in tagged'
activesupport (5.1.4) lib/active_support/tagged_logging.rb:26:in `tagged'
activesupport (5.1.4) lib/active_support/tagged_logging.rb:69:in `tagged'
railties (5.1.4) lib/rails/rack/logger.rb:24:in `call'
actionpack (5.1.4) lib/action_dispatch/middleware/remote_ip.rb:79:in `call'
actionpack (5.1.4) lib/action_dispatch/middleware/request_id.rb:25:in `call'
rack (2.0.3) lib/rack/runtime.rb:22:in `call'
activesupport (5.1.4) lib/active_support/cache/strategy/local_cache_middleware.rb:27:in `call'
actionpack (5.1.4) lib/action_dispatch/middleware/executor.rb:12:in `call'
actionpack (5.1.4) lib/action_dispatch/middleware/static.rb:125:in `call'
rack (2.0.3) lib/rack/sendfile.rb:111:in `call'
railties (5.1.4) lib/rails/engine.rb:522:in `call'
puma (3.11.0) lib/puma/configuration.rb:225:in `call'
puma (3.11.0) lib/puma/server.rb:624:in `handle_request'
puma (3.11.0) lib/puma/server.rb:438:in `process_client'
puma (3.11.0) lib/puma/server.rb:302:in `block in run'
puma (3.11.0) lib/puma/thread_pool.rb:120:in `block in spawn_thread'
Started GET "/lists/1" for 127.0.0.1 at 2017-11-29 11:55:09 -0500
Processing by ListsController#show as HTML
  Parameters: {"id"=>"1"}
  [1m[36mList Load (0.5ms)[0m  [1m[34mSELECT  "lists".* FROM "lists" WHERE "lists"."id" = ? LIMIT ?[0m  [["id", 1], ["LIMIT", 1]]
  [1m[36mTask Load (1.1ms)[0m  [1m[34mSELECT "tasks".* FROM "tasks" WHERE "tasks"."list_id" = ?[0m  [["list_id", 1]]
Completed 200 OK in 51ms (Views: 15.2ms | ActiveRecord: 2.3ms)


Started GET "/lists/1" for 127.0.0.1 at 2017-11-29 11:55:33 -0500
Processing by ListsController#show as HTML
  Parameters: {"id"=>"1"}
  [1m[36mList Load (0.2ms)[0m  [1m[34mSELECT  "lists".* FROM "lists" WHERE "lists"."id" = ? LIMIT ?[0m  [["id", 1], ["LIMIT", 1]]
  [1m[36mTask Load (0.2ms)[0m  [1m[34mSELECT "tasks".* FROM "tasks" WHERE "tasks"."list_id" = ?[0m  [["list_id", 1]]
Completed 200 OK in 6ms (Views: 3.8ms | ActiveRecord: 0.4ms)


Started GET "/lists/1" for 127.0.0.1 at 2017-11-29 11:56:20 -0500
Processing by ListsController#show as HTML
  Parameters: {"id"=>"1"}
  [1m[36mList Load (1.0ms)[0m  [1m[34mSELECT  "lists".* FROM "lists" WHERE "lists"."id" = ? LIMIT ?[0m  [["id", 1], ["LIMIT", 1]]
  [1m[36mTask Load (0.8ms)[0m  [1m[34mSELECT  "tasks".* FROM "tasks" WHERE "tasks"."list_id" = ? LIMIT ?[0m  [["list_id", 1], ["LIMIT", 11]]
Started GET "/lists/1" for 127.0.0.1 at 2017-11-29 12:00:19 -0500
  [1m[35m (0.6ms)[0m  [1m[34mSELECT "schema_migrations"."version" FROM "schema_migrations" ORDER BY "schema_migrations"."version" ASC[0m
Processing by ListsController#show as HTML
  Parameters: {"id"=>"1"}
  [1m[36mList Load (0.6ms)[0m  [1m[34mSELECT  "lists".* FROM "lists" WHERE "lists"."id" = ? LIMIT ?[0m  [["id", 1], ["LIMIT", 1]]
  [1m[36mTask Load (1.0ms)[0m  [1m[34mSELECT "tasks".* FROM "tasks" WHERE "tasks"."list_id" = ?[0m  [["list_id", 1]]
Completed 200 OK in 77ms (Views: 24.4ms | ActiveRecord: 3.2ms)


Started GET "/lists/1" for 127.0.0.1 at 2017-11-29 12:04:21 -0500
Processing by ListsController#show as HTML
  Parameters: {"id"=>"1"}
  [1m[36mList Load (0.8ms)[0m  [1m[34mSELECT  "lists".* FROM "lists" WHERE "lists"."id" = ? LIMIT ?[0m  [["id", 1], ["LIMIT", 1]]
  [1m[36mTask Load (0.8ms)[0m  [1m[34mSELECT "tasks".* FROM "tasks" WHERE "tasks"."list_id" = ?[0m  [["list_id", 1]]
Completed 200 OK in 20ms (Views: 9.4ms | ActiveRecord: 2.1ms)


Started GET "/lists/1" for 127.0.0.1 at 2017-11-29 12:04:43 -0500
Processing by ListsController#show as HTML
  Parameters: {"id"=>"1"}
  [1m[36mList Load (0.3ms)[0m  [1m[34mSELECT  "lists".* FROM "lists" WHERE "lists"."id" = ? LIMIT ?[0m  [["id", 1], ["LIMIT", 1]]
  [1m[36mTask Load (0.2ms)[0m  [1m[34mSELECT "tasks".* FROM "tasks" WHERE "tasks"."list_id" = ?[0m  [["list_id", 1]]
Completed 200 OK in 4ms (Views: 2.1ms | ActiveRecord: 0.5ms)


Started GET "/lists/1" for 127.0.0.1 at 2017-11-29 12:04:51 -0500
Processing by ListsController#show as HTML
  Parameters: {"id"=>"1"}
  [1m[36mList Load (0.3ms)[0m  [1m[34mSELECT  "lists".* FROM "lists" WHERE "lists"."id" = ? LIMIT ?[0m  [["id", 1], ["LIMIT", 1]]
  [1m[36mTask Load (0.3ms)[0m  [1m[34mSELECT "tasks".* FROM "tasks" WHERE "tasks"."list_id" = ?[0m  [["list_id", 1]]
Completed 200 OK in 7ms (Views: 4.5ms | ActiveRecord: 0.6ms)


Started GET "/lists/1" for 127.0.0.1 at 2017-11-29 12:05:11 -0500
Processing by ListsController#show as HTML
  Parameters: {"id"=>"1"}
  [1m[36mList Load (0.3ms)[0m  [1m[34mSELECT  "lists".* FROM "lists" WHERE "lists"."id" = ? LIMIT ?[0m  [["id", 1], ["LIMIT", 1]]
  [1m[36mTask Load (0.4ms)[0m  [1m[34mSELECT "tasks".* FROM "tasks" WHERE "tasks"."list_id" = ?[0m  [["list_id", 1]]
Completed 200 OK in 9ms (Views: 6.1ms | ActiveRecord: 0.7ms)


Started GET "/lists/1" for 127.0.0.1 at 2017-11-29 12:05:21 -0500
Processing by ListsController#show as HTML
  Parameters: {"id"=>"1"}
  [1m[36mList Load (0.6ms)[0m  [1m[34mSELECT  "lists".* FROM "lists" WHERE "lists"."id" = ? LIMIT ?[0m  [["id", 1], ["LIMIT", 1]]
  [1m[36mTask Load (0.3ms)[0m  [1m[34mSELECT "tasks".* FROM "tasks" WHERE "tasks"."list_id" = ?[0m  [["list_id", 1]]
Completed 200 OK in 6ms (Views: 3.6ms | ActiveRecord: 0.9ms)


Started GET "/lists/1" for 127.0.0.1 at 2017-11-29 12:05:46 -0500
Processing by ListsController#show as HTML
  Parameters: {"id"=>"1"}
  [1m[36mList Load (0.8ms)[0m  [1m[34mSELECT  "lists".* FROM "lists" WHERE "lists"."id" = ? LIMIT ?[0m  [["id", 1], ["LIMIT", 1]]
  [1m[36mTask Load (0.9ms)[0m  [1m[34mSELECT "tasks".* FROM "tasks" WHERE "tasks"."list_id" = ?[0m  [["list_id", 1]]
Completed 200 OK in 49ms (Views: 18.8ms | ActiveRecord: 4.3ms)


Started GET "/" for 127.0.0.1 at 2017-11-29 13:28:23 -0500
  [1m[35m (0.5ms)[0m  [1m[34mSELECT "schema_migrations"."version" FROM "schema_migrations" ORDER BY "schema_migrations"."version" ASC[0m
Processing by Rails::WelcomeController#index as HTML
  Rendering /Users/Mimi/.rvm/gems/ruby-2.3.3/gems/railties-5.1.4/lib/rails/templates/rails/welcome/index.html.erb
  Rendered /Users/Mimi/.rvm/gems/ruby-2.3.3/gems/railties-5.1.4/lib/rails/templates/rails/welcome/index.html.erb (5.9ms)
Completed 200 OK in 25ms (Views: 18.0ms | ActiveRecord: 0.0ms)


Started GET "/lists" for 127.0.0.1 at 2017-11-29 13:28:28 -0500
Processing by ListsController#index as HTML
  [1m[36mList Load (0.6ms)[0m  [1m[34mSELECT "lists".* FROM "lists"[0m
Completed 200 OK in 31ms (Views: 14.0ms | ActiveRecord: 3.7ms)


Started GET "/lists" for 127.0.0.1 at 2017-11-29 13:29:47 -0500
Processing by ListsController#index as */*
  [1m[36mList Load (0.7ms)[0m  [1m[34mSELECT "lists".* FROM "lists"[0m
Completed 200 OK in 4ms (Views: 2.7ms | ActiveRecord: 0.7ms)


Started GET "/lists" for 127.0.0.1 at 2017-11-29 13:47:14 -0500
  [1m[35m (0.7ms)[0m  [1m[34mSELECT "schema_migrations"."version" FROM "schema_migrations" ORDER BY "schema_migrations"."version" ASC[0m
Processing by ListsController#index as */*
  [1m[36mList Load (1.0ms)[0m  [1m[34mSELECT "lists".* FROM "lists"[0m
Completed 200 OK in 30ms (Views: 12.6ms | ActiveRecord: 2.1ms)


Started GET "/lists" for 127.0.0.1 at 2017-11-29 14:02:00 -0500
Processing by ListsController#index as */*
  [1m[36mList Load (0.6ms)[0m  [1m[34mSELECT "lists".* FROM "lists"[0m
Completed 200 OK in 61ms (Views: 47.4ms | ActiveRecord: 5.0ms)


Started GET "/lists" for 127.0.0.1 at 2017-11-29 14:02:25 -0500
Processing by ListsController#index as */*
  [1m[36mList Load (0.3ms)[0m  [1m[34mSELECT "lists".* FROM "lists"[0m
Completed 200 OK in 3ms (Views: 2.2ms | ActiveRecord: 0.3ms)


Started GET "/lists" for 127.0.0.1 at 2017-11-29 14:04:16 -0500
Processing by ListsController#index as HTML
  [1m[36mList Load (6.5ms)[0m  [1m[34mSELECT "lists".* FROM "lists"[0m
Completed 200 OK in 48ms (Views: 36.4ms | ActiveRecord: 6.5ms)


Started GET "/lists" for 127.0.0.1 at 2017-11-29 14:44:25 -0500
  [1m[35m (0.6ms)[0m  [1m[34mSELECT "schema_migrations"."version" FROM "schema_migrations" ORDER BY "schema_migrations"."version" ASC[0m
Processing by ListsController#index as HTML
  [1m[36mList Load (0.7ms)[0m  [1m[34mSELECT "lists".* FROM "lists"[0m
Completed 200 OK in 35ms (Views: 13.0ms | ActiveRecord: 1.8ms)


Started GET "/lists" for 127.0.0.1 at 2017-11-29 14:55:03 -0500
Processing by ListsController#index as */*
  [1m[36mList Load (1.1ms)[0m  [1m[34mSELECT "lists".* FROM "lists"[0m
Completed 200 OK in 53ms (Views: 32.6ms | ActiveRecord: 2.4ms)


Started GET "/lists" for 127.0.0.1 at 2017-11-29 14:56:04 -0500
Processing by ListsController#index as */*
  [1m[36mList Load (0.4ms)[0m  [1m[34mSELECT "lists".* FROM "lists"[0m
Completed 200 OK in 4ms (Views: 3.1ms | ActiveRecord: 0.4ms)


Started GET "/lists" for 127.0.0.1 at 2017-11-29 14:56:35 -0500
Processing by ListsController#index as */*
  [1m[36mList Load (1.7ms)[0m  [1m[34mSELECT "lists".* FROM "lists"[0m
Completed 200 OK in 27ms (Views: 19.1ms | ActiveRecord: 1.7ms)


Started GET "/lists" for 127.0.0.1 at 2017-11-29 14:57:11 -0500
Processing by ListsController#index as HTML
  [1m[36mList Load (0.6ms)[0m  [1m[34mSELECT "lists".* FROM "lists"[0m
Completed 200 OK in 3ms (Views: 1.5ms | ActiveRecord: 0.6ms)


Started GET "/lists" for 127.0.0.1 at 2017-11-29 14:57:20 -0500
Processing by ListsController#index as */*
  [1m[36mList Load (0.3ms)[0m  [1m[34mSELECT "lists".* FROM "lists"[0m
Completed 200 OK in 4ms (Views: 3.1ms | ActiveRecord: 0.3ms)


Started GET "/lists" for 127.0.0.1 at 2017-11-29 14:58:24 -0500
Processing by ListsController#index as */*
  [1m[36mList Load (1.6ms)[0m  [1m[34mSELECT "lists".* FROM "lists"[0m
Completed 200 OK in 33ms (Views: 27.1ms | ActiveRecord: 1.6ms)


Started GET "/lists" for 127.0.0.1 at 2017-11-29 15:02:36 -0500
Processing by ListsController#index as */*
  [1m[36mList Load (3.5ms)[0m  [1m[34mSELECT "lists".* FROM "lists"[0m
Completed 200 OK in 38ms (Views: 28.5ms | ActiveRecord: 3.5ms)


Started GET "/lists" for 127.0.0.1 at 2017-11-29 15:03:44 -0500
Processing by ListsController#index as */*
  [1m[36mList Load (1.0ms)[0m  [1m[34mSELECT "lists".* FROM "lists"[0m
Completed 200 OK in 4ms (Views: 2.8ms | ActiveRecord: 1.0ms)


Started GET "/lists" for 127.0.0.1 at 2017-11-29 15:03:47 -0500
Processing by ListsController#index as */*
  [1m[36mList Load (0.3ms)[0m  [1m[34mSELECT "lists".* FROM "lists"[0m
Completed 200 OK in 5ms (Views: 4.0ms | ActiveRecord: 0.3ms)


Started GET "/lists" for 127.0.0.1 at 2017-11-29 15:03:47 -0500
Processing by ListsController#index as */*
  [1m[36mList Load (0.9ms)[0m  [1m[34mSELECT "lists".* FROM "lists"[0m
Completed 200 OK in 3ms (Views: 1.6ms | ActiveRecord: 0.9ms)


Started GET "/lists" for 127.0.0.1 at 2017-11-29 15:03:48 -0500
Processing by ListsController#index as */*
  [1m[36mList Load (0.3ms)[0m  [1m[34mSELECT "lists".* FROM "lists"[0m
Completed 200 OK in 4ms (Views: 3.0ms | ActiveRecord: 0.3ms)


Started GET "/lists" for 127.0.0.1 at 2017-11-29 15:03:48 -0500
Processing by ListsController#index as */*
  [1m[36mList Load (0.2ms)[0m  [1m[34mSELECT "lists".* FROM "lists"[0m
Completed 200 OK in 5ms (Views: 4.1ms | ActiveRecord: 0.2ms)


Started GET "/lists" for 127.0.0.1 at 2017-11-29 15:03:48 -0500
Processing by ListsController#index as */*
  [1m[36mList Load (0.3ms)[0m  [1m[34mSELECT "lists".* FROM "lists"[0m
Completed 200 OK in 4ms (Views: 3.2ms | ActiveRecord: 0.3ms)


Started GET "/lists" for 127.0.0.1 at 2017-11-29 15:03:48 -0500
Processing by ListsController#index as */*
  [1m[36mList Load (0.3ms)[0m  [1m[34mSELECT "lists".* FROM "lists"[0m
Completed 200 OK in 5ms (Views: 4.7ms | ActiveRecord: 0.3ms)


Started GET "/lists" for 127.0.0.1 at 2017-11-29 15:03:48 -0500
Processing by ListsController#index as */*
  [1m[36mList Load (0.3ms)[0m  [1m[34mSELECT "lists".* FROM "lists"[0m
Completed 200 OK in 3ms (Views: 2.6ms | ActiveRecord: 0.3ms)


Started GET "/lists" for 127.0.0.1 at 2017-11-29 15:06:16 -0500
Processing by ListsController#index as */*
  [1m[36mList Load (7.7ms)[0m  [1m[34mSELECT "lists".* FROM "lists"[0m
Completed 200 OK in 47ms (Views: 29.3ms | ActiveRecord: 7.7ms)


Started GET "/lists" for 127.0.0.1 at 2017-11-29 15:06:29 -0500
Processing by ListsController#index as */*
  [1m[36mList Load (1.0ms)[0m  [1m[34mSELECT "lists".* FROM "lists"[0m
Completed 200 OK in 5ms (Views: 3.3ms | ActiveRecord: 1.0ms)


Started GET "/lists" for 127.0.0.1 at 2017-11-29 15:07:04 -0500
Processing by ListsController#index as */*
  [1m[36mList Load (0.3ms)[0m  [1m[34mSELECT "lists".* FROM "lists"[0m
Completed 200 OK in 10ms (Views: 8.6ms | ActiveRecord: 0.3ms)


Started GET "/lists" for 127.0.0.1 at 2017-11-29 15:07:13 -0500
Processing by ListsController#index as */*
  [1m[36mList Load (0.3ms)[0m  [1m[34mSELECT "lists".* FROM "lists"[0m
Completed 200 OK in 5ms (Views: 3.5ms | ActiveRecord: 0.3ms)


Started GET "/lists" for 127.0.0.1 at 2017-11-29 15:09:54 -0500
Processing by ListsController#index as */*
  [1m[36mList Load (0.4ms)[0m  [1m[34mSELECT "lists".* FROM "lists"[0m
Completed 200 OK in 5ms (Views: 2.9ms | ActiveRecord: 0.4ms)


Started GET "/lists" for 127.0.0.1 at 2017-11-29 15:10:21 -0500
Processing by ListsController#index as */*
  [1m[36mList Load (0.7ms)[0m  [1m[34mSELECT "lists".* FROM "lists"[0m
Completed 200 OK in 9ms (Views: 7.8ms | ActiveRecord: 0.7ms)


Started GET "/lists" for 127.0.0.1 at 2017-11-29 15:13:25 -0500
Processing by ListsController#index as */*
  [1m[36mList Load (1.8ms)[0m  [1m[34mSELECT "lists".* FROM "lists"[0m
Completed 200 OK in 45ms (Views: 37.8ms | ActiveRecord: 1.8ms)


Started GET "/lists" for 127.0.0.1 at 2017-11-29 15:13:53 -0500
Processing by ListsController#index as */*
  [1m[36mList Load (1.4ms)[0m  [1m[34mSELECT "lists".* FROM "lists"[0m
Completed 200 OK in 6ms (Views: 3.9ms | ActiveRecord: 1.4ms)


Started GET "/lists" for 127.0.0.1 at 2017-11-29 15:14:16 -0500
Processing by ListsController#index as */*
  [1m[36mList Load (0.3ms)[0m  [1m[34mSELECT "lists".* FROM "lists"[0m
Completed 200 OK in 4ms (Views: 3.5ms | ActiveRecord: 0.3ms)


Started GET "/lists" for 127.0.0.1 at 2017-11-29 15:17:41 -0500
Processing by ListsController#index as */*
  [1m[36mList Load (3.4ms)[0m  [1m[34mSELECT "lists".* FROM "lists"[0m
Completed 200 OK in 53ms (Views: 44.0ms | ActiveRecord: 3.4ms)


Started GET "/lists" for 127.0.0.1 at 2017-11-29 15:17:55 -0500
Processing by ListsController#index as */*
  [1m[36mList Load (0.8ms)[0m  [1m[34mSELECT "lists".* FROM "lists"[0m
Completed 200 OK in 7ms (Views: 5.9ms | ActiveRecord: 0.8ms)


Started GET "/lists" for 127.0.0.1 at 2017-11-29 15:18:00 -0500
Processing by ListsController#index as */*
  [1m[36mList Load (0.3ms)[0m  [1m[34mSELECT "lists".* FROM "lists"[0m
Completed 200 OK in 3ms (Views: 2.0ms | ActiveRecord: 0.3ms)


Started GET "/lists" for 127.0.0.1 at 2017-11-29 15:18:05 -0500
Processing by ListsController#index as */*
  [1m[36mList Load (1.5ms)[0m  [1m[34mSELECT "lists".* FROM "lists"[0m
Completed 200 OK in 6ms (Views: 3.4ms | ActiveRecord: 1.5ms)


Started GET "/lists" for 127.0.0.1 at 2017-11-29 15:19:27 -0500
Processing by ListsController#index as */*
  [1m[36mList Load (1.7ms)[0m  [1m[34mSELECT "lists".* FROM "lists"[0m
Completed 200 OK in 27ms (Views: 18.9ms | ActiveRecord: 1.7ms)


Started GET "/lists" for 127.0.0.1 at 2017-11-29 15:21:45 -0500
Processing by ListsController#index as */*
  [1m[36mList Load (1.4ms)[0m  [1m[34mSELECT "lists".* FROM "lists"[0m
Completed 200 OK in 52ms (Views: 33.5ms | ActiveRecord: 1.4ms)


  [1m[35m (0.8ms)[0m  [1m[34mSELECT "schema_migrations"."version" FROM "schema_migrations" ORDER BY "schema_migrations"."version" ASC[0m
  [1m[35m (0.1ms)[0m  [1m[36mbegin transaction[0m
  [1m[35mSQL (3.9ms)[0m  [1m[32mINSERT INTO "lists" ("name", "created_at", "updated_at") VALUES (?, ?, ?)[0m  [["name", "building api"], ["created_at", "2017-11-29 20:25:35.952992"], ["updated_at", "2017-11-29 20:25:35.952992"]]
  [1m[35m (1.2ms)[0m  [1m[36mcommit transaction[0m
  [1m[35m (0.3ms)[0m  [1m[36mbegin transaction[0m
  [1m[35mSQL (0.4ms)[0m  [1m[32mINSERT INTO "lists" ("name", "created_at", "updated_at") VALUES (?, ?, ?)[0m  [["name", "Weekend Plans"], ["created_at", "2017-11-29 20:25:35.961078"], ["updated_at", "2017-11-29 20:25:35.961078"]]
  [1m[35m (1.2ms)[0m  [1m[36mcommit transaction[0m
  [1m[35m (0.1ms)[0m  [1m[36mbegin transaction[0m
  [1m[35mSQL (1.2ms)[0m  [1m[32mINSERT INTO "tasks" ("name", "list_id", "created_at", "updated_at") VALUES (?, ?, ?, ?)[0m  [["name", "api writing"], ["list_id", 2], ["created_at", "2017-11-29 20:25:36.016457"], ["updated_at", "2017-11-29 20:25:36.016457"]]
  [1m[35m (1.0ms)[0m  [1m[36mcommit transaction[0m
  [1m[35m (0.1ms)[0m  [1m[36mbegin transaction[0m
  [1m[35mSQL (0.4ms)[0m  [1m[32mINSERT INTO "tasks" ("name", "list_id", "created_at", "updated_at") VALUES (?, ?, ?, ?)[0m  [["name", "groceries"], ["list_id", 2], ["created_at", "2017-11-29 20:25:36.021432"], ["updated_at", "2017-11-29 20:25:36.021432"]]
  [1m[35m (1.1ms)[0m  [1m[36mcommit transaction[0m
  [1m[35m (0.1ms)[0m  [1m[36mbegin transaction[0m
  [1m[35mSQL (0.4ms)[0m  [1m[32mINSERT INTO "tasks" ("name", "list_id", "created_at", "updated_at") VALUES (?, ?, ?, ?)[0m  [["name", "shopping"], ["list_id", 3], ["created_at", "2017-11-29 20:25:36.025704"], ["updated_at", "2017-11-29 20:25:36.025704"]]
  [1m[35m (0.9ms)[0m  [1m[36mcommit transaction[0m
  [1m[35m (0.2ms)[0m  [1m[36mbegin transaction[0m
  [1m[35mSQL (0.4ms)[0m  [1m[32mINSERT INTO "tasks" ("name", "list_id", "created_at", "updated_at") VALUES (?, ?, ?, ?)[0m  [["name", "kids"], ["list_id", 3], ["created_at", "2017-11-29 20:25:36.029268"], ["updated_at", "2017-11-29 20:25:36.029268"]]
  [1m[35m (0.9ms)[0m  [1m[36mcommit transaction[0m
Started GET "/lists" for 127.0.0.1 at 2017-11-29 15:27:48 -0500
Processing by ListsController#index as */*
  [1m[36mList Load (0.9ms)[0m  [1m[34mSELECT "lists".* FROM "lists"[0m
Completed 200 OK in 15ms (Views: 10.9ms | ActiveRecord: 0.9ms)


Started GET "/lists/1" for 127.0.0.1 at 2017-11-29 15:28:12 -0500
Processing by ListsController#show as HTML
  Parameters: {"id"=>"1"}
  [1m[36mList Load (0.6ms)[0m  [1m[34mSELECT  "lists".* FROM "lists" WHERE "lists"."id" = ? LIMIT ?[0m  [["id", 1], ["LIMIT", 1]]
  [1m[36mTask Load (0.2ms)[0m  [1m[34mSELECT "tasks".* FROM "tasks" WHERE "tasks"."list_id" = ?[0m  [["list_id", 1]]
Completed 200 OK in 97ms (Views: 30.4ms | ActiveRecord: 2.3ms)


Started GET "/lists" for 127.0.0.1 at 2017-11-29 15:29:09 -0500
Processing by ListsController#index as */*
  [1m[36mList Load (0.4ms)[0m  [1m[34mSELECT "lists".* FROM "lists"[0m
Completed 200 OK in 9ms (Views: 7.9ms | ActiveRecord: 0.4ms)


Started GET "/lists" for 127.0.0.1 at 2017-11-29 15:29:39 -0500
Processing by ListsController#index as */*
  [1m[36mList Load (0.7ms)[0m  [1m[34mSELECT "lists".* FROM "lists"[0m
Completed 200 OK in 16ms (Views: 11.5ms | ActiveRecord: 0.7ms)


Started GET "/lists/1" for 127.0.0.1 at 2017-11-29 15:29:51 -0500
Processing by ListsController#show as HTML
  Parameters: {"id"=>"1"}
  [1m[36mList Load (0.5ms)[0m  [1m[34mSELECT  "lists".* FROM "lists" WHERE "lists"."id" = ? LIMIT ?[0m  [["id", 1], ["LIMIT", 1]]
  [1m[36mTask Load (0.4ms)[0m  [1m[34mSELECT "tasks".* FROM "tasks" WHERE "tasks"."list_id" = ?[0m  [["list_id", 1]]
Completed 200 OK in 11ms (Views: 7.2ms | ActiveRecord: 1.0ms)


Started GET "/lists" for 127.0.0.1 at 2017-11-29 15:29:56 -0500
Processing by ListsController#index as */*
  [1m[36mList Load (0.5ms)[0m  [1m[34mSELECT "lists".* FROM "lists"[0m
Completed 200 OK in 11ms (Views: 9.6ms | ActiveRecord: 0.5ms)


Started GET "/lists" for 127.0.0.1 at 2017-11-29 15:31:20 -0500
Processing by ListsController#index as */*
  [1m[36mList Load (0.4ms)[0m  [1m[34mSELECT "lists".* FROM "lists"[0m
Completed 200 OK in 8ms (Views: 7.0ms | ActiveRecord: 0.4ms)


Started GET "/lists" for 127.0.0.1 at 2017-11-29 15:32:10 -0500
Processing by ListsController#index as */*
  [1m[36mList Load (0.5ms)[0m  [1m[34mSELECT "lists".* FROM "lists"[0m
Completed 200 OK in 9ms (Views: 8.5ms | ActiveRecord: 0.5ms)


Started GET "/lists/1" for 127.0.0.1 at 2017-11-29 15:33:18 -0500
Processing by ListsController#show as HTML
  Parameters: {"id"=>"1"}
  [1m[36mList Load (0.6ms)[0m  [1m[34mSELECT  "lists".* FROM "lists" WHERE "lists"."id" = ? LIMIT ?[0m  [["id", 1], ["LIMIT", 1]]
  [1m[36mTask Load (0.2ms)[0m  [1m[34mSELECT "tasks".* FROM "tasks" WHERE "tasks"."list_id" = ?[0m  [["list_id", 1]]
Completed 200 OK in 21ms (Views: 11.8ms | ActiveRecord: 0.8ms)


Started GET "/lists" for 127.0.0.1 at 2017-11-29 15:56:11 -0500
Processing by ListsController#index as */*
  [1m[36mList Load (2.4ms)[0m  [1m[34mSELECT "lists".* FROM "lists"[0m
Completed 200 OK in 29ms (Views: 18.0ms | ActiveRecord: 2.4ms)


Started GET "/lists" for 127.0.0.1 at 2017-11-29 15:58:42 -0500
Processing by ListsController#index as */*
  [1m[36mList Load (1.4ms)[0m  [1m[34mSELECT "lists".* FROM "lists"[0m
Completed 200 OK in 24ms (Views: 17.1ms | ActiveRecord: 1.4ms)


Started GET "/lists/2" for 127.0.0.1 at 2017-11-29 15:58:43 -0500
Processing by ListsController#show as HTML
  Parameters: {"id"=>"2"}
  [1m[36mList Load (0.4ms)[0m  [1m[34mSELECT  "lists".* FROM "lists" WHERE "lists"."id" = ? LIMIT ?[0m  [["id", 2], ["LIMIT", 1]]
  [1m[36mTask Load (0.2ms)[0m  [1m[34mSELECT "tasks".* FROM "tasks" WHERE "tasks"."list_id" = ?[0m  [["list_id", 2]]
Completed 200 OK in 15ms (Views: 10.5ms | ActiveRecord: 0.7ms)


